<?xml version="1.0" encoding="UTF-8"?>
<!-- Generated by org.testng.reporters.JUnitReportReporter -->
<testsuite hostname="DHANUSH_IG" failures="0" tests="1" name="com.selenium.test.AppTest" time="0.011" errors="0" timestamp="2025-04-07T21:26:01 IST" skipped="0">
  <testcase classname="com.selenium.test.AppTest" name="testApp" time="0.011"/>
  <system-out/>
</testsuite> <!-- com.selenium.test.AppTest -->
