<?xml version="1.0" encoding="UTF-8"?>
<!-- Generated by org.testng.reporters.JUnitReportReporter -->
<testsuite hostname="DHANUSH_IG" failures="0" tests="1" name="TestCase.Log_Out_Test_case" time="10.111" errors="0" timestamp="2025-04-13T11:37:19 IST" skipped="0">
  <testcase classname="TestCase.Log_Out_Test_case" name="VerifyLogout" time="10.111"/>
  <system-out/>
</testsuite> <!-- TestCase.Log_Out_Test_case -->
