<?xml version="1.0" encoding="UTF-8"?>
<!-- Generated by org.testng.reporters.JUnitReportReporter -->
<testsuite hostname="DHANUSH_IG" failures="0" tests="1" name="TestCase.Functional_Test_Case" time="11.667" errors="0" timestamp="2025-06-09T20:44:22 IST" skipped="0">
  <testcase classname="TestCase.Functional_Test_Case" name="TC_RUn" time="11.667"/>
  <system-out/>
</testsuite> <!-- TestCase.Functional_Test_Case -->
