<?xml version="1.0" encoding="UTF-8"?>
<!-- Generated by org.testng.reporters.JUnitReportReporter -->
<testsuite hostname="DHANUSH_IG" failures="0" tests="1" name="tests.LoginTest" time="6.651" errors="0" timestamp="2025-04-08T19:19:30 IST" skipped="0">
  <testcase classname="tests.LoginTest" name="testLogin" time="6.651"/>
  <system-out/>
</testsuite> <!-- tests.LoginTest -->
