<?xml version="1.0" encoding="UTF-8"?>
<!-- Generated by org.testng.reporters.JUnitReportReporter -->
<testsuite hostname="DHANUSH_IG" failures="0" tests="1" name="TestCase.Functional_Test_Case" time="13.461" errors="0" timestamp="2025-04-11T21:27:29 IST" skipped="0">
  <testcase classname="TestCase.Functional_Test_Case" name="TC_RUn" time="13.461"/>
  <system-out/>
</testsuite> <!-- TestCase.Functional_Test_Case -->
