<?xml version="1.0" encoding="UTF-8"?>
<!-- Generated by org.testng.reporters.JUnitReportReporter -->
<testsuite hostname="DHANUSH_IG" failures="0" tests="1" name="TestCase.ATC_Test_Case" time="43.488" errors="0" timestamp="2025-04-09T19:48:40 IST" skipped="0">
  <testcase classname="TestCase.ATC_Test_Case" name="TC_RUn" time="43.488"/>
  <system-out/>
</testsuite> <!-- TestCase.ATC_Test_Case -->
