<?xml version="1.0" encoding="UTF-8"?>
<!-- Generated by org.testng.reporters.JUnitReportReporter -->
<testsuite hostname="DHANUSH_IG" failures="0" tests="1" name="TestCase.Functional_Test_Case" time="12.759" errors="0" timestamp="2025-04-13T11:38:37 IST" skipped="0">
  <testcase classname="TestCase.Functional_Test_Case" name="TC_RUn" time="12.759"/>
  <system-out/>
</testsuite> <!-- TestCase.Functional_Test_Case -->
