<?xml version="1.0" encoding="UTF-8"?>
<!-- Generated by org.testng.reporters.JUnitReportReporter -->
<testsuite hostname="DHANUSH_IG" failures="0" tests="4" name="TestCase.DDTLoginTestCase" time="26.196" errors="0" timestamp="2025-04-14T21:15:21 IST" skipped="0">
  <testcase classname="TestCase.DDTLoginTestCase" name="DDTlogin" time="7.583"/>
  <system-out/>
  <testcase classname="TestCase.DDTLoginTestCase" name="DDTlogin" time="3.155"/>
  <system-out/>
  <testcase classname="TestCase.DDTLoginTestCase" name="DDTlogin" time="3.163"/>
  <system-out/>
  <testcase classname="TestCase.DDTLoginTestCase" name="DDTlogin" time="12.295"/>
  <system-out/>
</testsuite> <!-- TestCase.DDTLoginTestCase -->
