<?xml version="1.0" encoding="UTF-8"?>
<!-- Generated by org.testng.reporters.JUnitReportReporter -->
<testsuite hostname="DHANUSH_IG" failures="0" tests="4" name="TestCase.DDTLoginTestCase" time="25.981" errors="0" timestamp="2025-06-09T20:59:27 IST" skipped="0">
  <testcase classname="TestCase.DDTLoginTestCase" name="DDTlogin" time="3.309"/>
  <system-out/>
  <testcase classname="TestCase.DDTLoginTestCase" name="DDTlogin" time="8.181"/>
  <system-out/>
  <testcase classname="TestCase.DDTLoginTestCase" name="DDTlogin" time="2.428"/>
  <system-out/>
  <testcase classname="TestCase.DDTLoginTestCase" name="DDTlogin" time="12.063"/>
  <system-out/>
</testsuite> <!-- TestCase.DDTLoginTestCase -->
