<?xml version="1.0" encoding="UTF-8"?>
<!-- Generated by org.testng.reporters.JUnitReportReporter -->
<testsuite hostname="DHANUSH_IG" failures="0" tests="1" name="Pages.LoginTestCase" time="14.558" errors="0" timestamp="2025-04-08T23:25:13 IST" skipped="0">
  <testcase classname="Pages.LoginTestCase" name="TestRun" time="14.558"/>
  <system-out/>
</testsuite> <!-- Pages.LoginTestCase -->
